Analysis & Synthesis report for Lab2_redux
Thu Feb 16 18:57:40 2017
Quartus II 64-Bit Version 13.0.1 Build 232 06/12/2013 Service Pack 1 SJ Full Version


---------------------
; Table of Contents ;
---------------------
  1. Legal Notice
  2. Analysis & Synthesis Summary
  3. Analysis & Synthesis Settings
  4. Parallel Compilation
  5. Analysis & Synthesis Source Files Read
  6. Analysis & Synthesis Resource Usage Summary
  7. Analysis & Synthesis Resource Utilization by Entity
  8. General Register Statistics
  9. Elapsed Time Per Partition
 10. Analysis & Synthesis Messages



----------------
; Legal Notice ;
----------------
Copyright (C) 1991-2013 Altera Corporation
Your use of Altera Corporation's design tools, logic functions 
and other software and tools, and its AMPP partner logic 
functions, and any output files from any of the foregoing 
(including device programming or simulation files), and any 
associated documentation or information are expressly subject 
to the terms and conditions of the Altera Program License 
Subscription Agreement, Altera MegaCore Function License 
Agreement, or other applicable license agreement, including, 
without limitation, that your use is for the sole purpose of 
programming logic devices manufactured by Altera and sold by 
Altera or its authorized distributors.  Please refer to the 
applicable agreement for further details.



+---------------------------------------------------------------------------------------+
; Analysis & Synthesis Summary                                                          ;
+------------------------------------+--------------------------------------------------+
; Analysis & Synthesis Status        ; Successful - Thu Feb 16 18:57:40 2017            ;
; Quartus II 64-Bit Version          ; 13.0.1 Build 232 06/12/2013 SP 1 SJ Full Version ;
; Revision Name                      ; Lab2_redux                                       ;
; Top-level Entity Name              ; Adder_Display                                    ;
; Family                             ; Cyclone II                                       ;
; Total logic elements               ; 29                                               ;
;     Total combinational functions  ; 29                                               ;
;     Dedicated logic registers      ; 0                                                ;
; Total registers                    ; 0                                                ;
; Total pins                         ; 55                                               ;
; Total virtual pins                 ; 0                                                ;
; Total memory bits                  ; 0                                                ;
; Embedded Multiplier 9-bit elements ; 0                                                ;
; Total PLLs                         ; 0                                                ;
+------------------------------------+--------------------------------------------------+


+----------------------------------------------------------------------------------------------------------------------+
; Analysis & Synthesis Settings                                                                                        ;
+----------------------------------------------------------------------------+--------------------+--------------------+
; Option                                                                     ; Setting            ; Default Value      ;
+----------------------------------------------------------------------------+--------------------+--------------------+
; Device                                                                     ; EP2C35F672C6       ;                    ;
; Top-level entity name                                                      ; Adder_Display      ; Lab2_redux         ;
; Family name                                                                ; Cyclone II         ; Cyclone IV GX      ;
; Use smart compilation                                                      ; Off                ; Off                ;
; Enable parallel Assembler and TimeQuest Timing Analyzer during compilation ; On                 ; On                 ;
; Enable compact report table                                                ; Off                ; Off                ;
; Restructure Multiplexers                                                   ; Auto               ; Auto               ;
; Create Debugging Nodes for IP Cores                                        ; Off                ; Off                ;
; Preserve fewer node names                                                  ; On                 ; On                 ;
; Disable OpenCore Plus hardware evaluation                                  ; Off                ; Off                ;
; Verilog Version                                                            ; Verilog_2001       ; Verilog_2001       ;
; VHDL Version                                                               ; VHDL_1993          ; VHDL_1993          ;
; State Machine Processing                                                   ; Auto               ; Auto               ;
; Safe State Machine                                                         ; Off                ; Off                ;
; Extract Verilog State Machines                                             ; On                 ; On                 ;
; Extract VHDL State Machines                                                ; On                 ; On                 ;
; Ignore Verilog initial constructs                                          ; Off                ; Off                ;
; Iteration limit for constant Verilog loops                                 ; 5000               ; 5000               ;
; Iteration limit for non-constant Verilog loops                             ; 250                ; 250                ;
; Add Pass-Through Logic to Inferred RAMs                                    ; On                 ; On                 ;
; Infer RAMs from Raw Logic                                                  ; On                 ; On                 ;
; Parallel Synthesis                                                         ; On                 ; On                 ;
; DSP Block Balancing                                                        ; Auto               ; Auto               ;
; NOT Gate Push-Back                                                         ; On                 ; On                 ;
; Power-Up Don't Care                                                        ; On                 ; On                 ;
; Remove Redundant Logic Cells                                               ; Off                ; Off                ;
; Remove Duplicate Registers                                                 ; On                 ; On                 ;
; Ignore CARRY Buffers                                                       ; Off                ; Off                ;
; Ignore CASCADE Buffers                                                     ; Off                ; Off                ;
; Ignore GLOBAL Buffers                                                      ; Off                ; Off                ;
; Ignore ROW GLOBAL Buffers                                                  ; Off                ; Off                ;
; Ignore LCELL Buffers                                                       ; Off                ; Off                ;
; Ignore SOFT Buffers                                                        ; On                 ; On                 ;
; Limit AHDL Integers to 32 Bits                                             ; Off                ; Off                ;
; Optimization Technique                                                     ; Balanced           ; Balanced           ;
; Carry Chain Length                                                         ; 70                 ; 70                 ;
; Auto Carry Chains                                                          ; On                 ; On                 ;
; Auto Open-Drain Pins                                                       ; On                 ; On                 ;
; Perform WYSIWYG Primitive Resynthesis                                      ; Off                ; Off                ;
; Auto ROM Replacement                                                       ; On                 ; On                 ;
; Auto RAM Replacement                                                       ; On                 ; On                 ;
; Auto Shift Register Replacement                                            ; Auto               ; Auto               ;
; Allow Shift Register Merging across Hierarchies                            ; Auto               ; Auto               ;
; Auto Clock Enable Replacement                                              ; On                 ; On                 ;
; Strict RAM Replacement                                                     ; Off                ; Off                ;
; Allow Synchronous Control Signals                                          ; On                 ; On                 ;
; Force Use of Synchronous Clear Signals                                     ; Off                ; Off                ;
; Auto RAM to Logic Cell Conversion                                          ; Off                ; Off                ;
; Auto Resource Sharing                                                      ; Off                ; Off                ;
; Allow Any RAM Size For Recognition                                         ; Off                ; Off                ;
; Allow Any ROM Size For Recognition                                         ; Off                ; Off                ;
; Allow Any Shift Register Size For Recognition                              ; Off                ; Off                ;
; Use LogicLock Constraints during Resource Balancing                        ; On                 ; On                 ;
; Ignore translate_off and synthesis_off directives                          ; Off                ; Off                ;
; Timing-Driven Synthesis                                                    ; Off                ; Off                ;
; Report Parameter Settings                                                  ; On                 ; On                 ;
; Report Source Assignments                                                  ; On                 ; On                 ;
; Report Connectivity Checks                                                 ; On                 ; On                 ;
; Ignore Maximum Fan-Out Assignments                                         ; Off                ; Off                ;
; Synchronization Register Chain Length                                      ; 2                  ; 2                  ;
; PowerPlay Power Optimization                                               ; Normal compilation ; Normal compilation ;
; HDL message level                                                          ; Level2             ; Level2             ;
; Suppress Register Optimization Related Messages                            ; Off                ; Off                ;
; Number of Removed Registers Reported in Synthesis Report                   ; 5000               ; 5000               ;
; Number of Swept Nodes Reported in Synthesis Report                         ; 5000               ; 5000               ;
; Number of Inverted Registers Reported in Synthesis Report                  ; 100                ; 100                ;
; Clock MUX Protection                                                       ; On                 ; On                 ;
; Auto Gated Clock Conversion                                                ; Off                ; Off                ;
; Block Design Naming                                                        ; Auto               ; Auto               ;
; SDC constraint protection                                                  ; Off                ; Off                ;
; Synthesis Effort                                                           ; Auto               ; Auto               ;
; Shift Register Replacement - Allow Asynchronous Clear Signal               ; On                 ; On                 ;
; Pre-Mapping Resynthesis Optimization                                       ; Off                ; Off                ;
; Analysis & Synthesis Message Level                                         ; Medium             ; Medium             ;
; Disable Register Merging Across Hierarchies                                ; Auto               ; Auto               ;
; Resource Aware Inference For Block RAM                                     ; On                 ; On                 ;
; Synthesis Seed                                                             ; 1                  ; 1                  ;
+----------------------------------------------------------------------------+--------------------+--------------------+


+------------------------------------------+
; Parallel Compilation                     ;
+----------------------------+-------------+
; Processors                 ; Number      ;
+----------------------------+-------------+
; Number detected on machine ; 4           ;
; Maximum allowed            ; 4           ;
;                            ;             ;
; Average used               ; 1.00        ;
; Maximum used               ; 1           ;
;                            ;             ;
; Usage by Processor         ; % Time Used ;
;     Processor 1            ; 100.0%      ;
;     Processors 2-4         ;   0.0%      ;
+----------------------------+-------------+


+----------------------------------------------------------------------------------------------------------------------------------------------------------------------------------+
; Analysis & Synthesis Source Files Read                                                                                                                                           ;
+----------------------------------+-----------------+------------------------------------------+------------------------------------------------------------------------+---------+
; File Name with User-Entered Path ; Used in Netlist ; File Type                                ; File Name with Absolute Path                                           ; Library ;
+----------------------------------+-----------------+------------------------------------------+------------------------------------------------------------------------+---------+
; 1Bit_Adder.bdf                   ; yes             ; User Block Diagram/Schematic File        ; C:/Users/ece315group10.DIGITALLAB/Desktop/Lab2_redux/1Bit_Adder.bdf    ;         ;
; 4Bit_Adder.bdf                   ; yes             ; User Block Diagram/Schematic File        ; C:/Users/ece315group10.DIGITALLAB/Desktop/Lab2_redux/4Bit_Adder.bdf    ;         ;
; Adder_Display.bdf                ; yes             ; User Block Diagram/Schematic File        ; C:/Users/ece315group10.DIGITALLAB/Desktop/Lab2_redux/Adder_Display.bdf ;         ;
; group10.bdf                      ; yes             ; Auto-Found Block Diagram/Schematic File  ; C:/Users/ece315group10.DIGITALLAB/Desktop/Lab2_redux/group10.bdf       ;         ;
; 74153m.bdf                       ; yes             ; Megafunction                             ; c:/altera/13.0sp1/quartus/libraries/others/maxplus2/74153m.bdf         ;         ;
+----------------------------------+-----------------+------------------------------------------+------------------------------------------------------------------------+---------+


+--------------------------------------------------------------------------------------------------+
; Analysis & Synthesis Resource Usage Summary                                                      ;
+---------------------------------------------+----------------------------------------------------+
; Resource                                    ; Usage                                              ;
+---------------------------------------------+----------------------------------------------------+
; Estimated Total logic elements              ; 29                                                 ;
;                                             ;                                                    ;
; Total combinational functions               ; 29                                                 ;
; Logic element usage by number of LUT inputs ;                                                    ;
;     -- 4 input functions                    ; 21                                                 ;
;     -- 3 input functions                    ; 7                                                  ;
;     -- <=2 input functions                  ; 1                                                  ;
;                                             ;                                                    ;
; Logic elements by mode                      ;                                                    ;
;     -- normal mode                          ; 25                                                 ;
;     -- arithmetic mode                      ; 4                                                  ;
;                                             ;                                                    ;
; Total registers                             ; 0                                                  ;
;     -- Dedicated logic registers            ; 0                                                  ;
;     -- I/O registers                        ; 0                                                  ;
;                                             ;                                                    ;
; I/O pins                                    ; 55                                                 ;
; Embedded Multiplier 9-bit elements          ; 0                                                  ;
; Maximum fan-out node                        ; 4Bit_Adder:inst|1Bit_Adder:inst1|74153m:inst60|9~2 ;
; Maximum fan-out                             ; 10                                                 ;
; Total fan-out                               ; 137                                                ;
; Average fan-out                             ; 1.63                                               ;
+---------------------------------------------+----------------------------------------------------+


+-----------------------------------------------------------------------------------------------------------------------------------------------------------------------------------------------------------------------+
; Analysis & Synthesis Resource Utilization by Entity                                                                                                                                                                   ;
+----------------------------+-------------------+--------------+-------------+--------------+---------+-----------+------+--------------+---------------------------------------------------------------+--------------+
; Compilation Hierarchy Node ; LC Combinationals ; LC Registers ; Memory Bits ; DSP Elements ; DSP 9x9 ; DSP 18x18 ; Pins ; Virtual Pins ; Full Hierarchy Name                                           ; Library Name ;
+----------------------------+-------------------+--------------+-------------+--------------+---------+-----------+------+--------------+---------------------------------------------------------------+--------------+
; |Adder_Display             ; 29 (0)            ; 0 (0)        ; 0           ; 0            ; 0       ; 0         ; 55   ; 0            ; |Adder_Display                                                ; work         ;
;    |4Bit_Adder:inst|       ; 5 (0)             ; 0 (0)        ; 0           ; 0            ; 0       ; 0         ; 0    ; 0            ; |Adder_Display|4Bit_Adder:inst                                ; work         ;
;       |1Bit_Adder:inst1|   ; 5 (0)             ; 0 (0)        ; 0           ; 0            ; 0       ; 0         ; 0    ; 0            ; |Adder_Display|4Bit_Adder:inst|1Bit_Adder:inst1               ; work         ;
;          |74153m:inst60|   ; 5 (5)             ; 0 (0)        ; 0           ; 0            ; 0       ; 0         ; 0    ; 0            ; |Adder_Display|4Bit_Adder:inst|1Bit_Adder:inst1|74153m:inst60 ; work         ;
;    |group10:inst1|         ; 8 (8)             ; 0 (0)        ; 0           ; 0            ; 0       ; 0         ; 0    ; 0            ; |Adder_Display|group10:inst1                                  ; work         ;
;    |group10:inst2|         ; 8 (8)             ; 0 (0)        ; 0           ; 0            ; 0       ; 0         ; 0    ; 0            ; |Adder_Display|group10:inst2                                  ; work         ;
;    |group10:inst3|         ; 8 (8)             ; 0 (0)        ; 0           ; 0            ; 0       ; 0         ; 0    ; 0            ; |Adder_Display|group10:inst3                                  ; work         ;
+----------------------------+-------------------+--------------+-------------+--------------+---------+-----------+------+--------------+---------------------------------------------------------------+--------------+
Note: For table entries with two numbers listed, the numbers in parentheses indicate the number of resources of the given type used by the specific entity alone. The numbers listed outside of parentheses indicate the total resources of the given type used by the specific entity and all of its sub-entities in the hierarchy.


+------------------------------------------------------+
; General Register Statistics                          ;
+----------------------------------------------+-------+
; Statistic                                    ; Value ;
+----------------------------------------------+-------+
; Total registers                              ; 0     ;
; Number of registers using Synchronous Clear  ; 0     ;
; Number of registers using Synchronous Load   ; 0     ;
; Number of registers using Asynchronous Clear ; 0     ;
; Number of registers using Asynchronous Load  ; 0     ;
; Number of registers using Clock Enable       ; 0     ;
; Number of registers using Preset             ; 0     ;
+----------------------------------------------+-------+


+-------------------------------+
; Elapsed Time Per Partition    ;
+----------------+--------------+
; Partition Name ; Elapsed Time ;
+----------------+--------------+
; Top            ; 00:00:00     ;
+----------------+--------------+


+-------------------------------+
; Analysis & Synthesis Messages ;
+-------------------------------+
Info: *******************************************************************
Info: Running Quartus II 64-Bit Analysis & Synthesis
    Info: Version 13.0.1 Build 232 06/12/2013 Service Pack 1 SJ Full Version
    Info: Processing started: Thu Feb 16 18:57:38 2017
Info: Command: quartus_map --read_settings_files=on --write_settings_files=off Lab2_redux -c Lab2_redux
Info (20030): Parallel compilation is enabled and will use 4 of the 4 processors detected
Info (12021): Found 1 design units, including 1 entities, in source file 1bit_adder.bdf
    Info (12023): Found entity 1: 1Bit_Adder
Info (12021): Found 1 design units, including 1 entities, in source file 4bit_adder.bdf
    Info (12023): Found entity 1: 4Bit_Adder
Info (12021): Found 1 design units, including 1 entities, in source file adder_display.bdf
    Info (12023): Found entity 1: Adder_Display
Info (12127): Elaborating entity "Adder_Display" for the top level hierarchy
Warning (12125): Using design file group10.bdf, which is not specified as a design file for the current project, but contains definitions for 1 design units and 1 entities in project
    Info (12023): Found entity 1: group10
Info (12128): Elaborating entity "group10" for hierarchy "group10:inst2"
Info (12128): Elaborating entity "4Bit_Adder" for hierarchy "4Bit_Adder:inst"
Info (12128): Elaborating entity "1Bit_Adder" for hierarchy "4Bit_Adder:inst|1Bit_Adder:inst3"
Info (12128): Elaborating entity "74153M" for hierarchy "4Bit_Adder:inst|1Bit_Adder:inst3|74153M:inst60"
Info (12130): Elaborated megafunction instantiation "4Bit_Adder:inst|1Bit_Adder:inst3|74153M:inst60"
Warning (13024): Output pins are stuck at VCC or GND
    Warning (13410): Pin "5H6" is stuck at VCC
    Warning (13410): Pin "5H5" is stuck at VCC
    Warning (13410): Pin "5H3" is stuck at VCC
    Warning (13410): Pin "5H0" is stuck at VCC
    Warning (13410): Pin "5H4" is stuck at VCC
    Warning (13410): Pin "7H0" is stuck at VCC
    Warning (13410): Pin "7H3" is stuck at VCC
    Warning (13410): Pin "7H4" is stuck at VCC
    Warning (13410): Pin "7H5" is stuck at VCC
    Warning (13410): Pin "7H6" is stuck at VCC
    Warning (13410): Pin "1H0" is stuck at VCC
    Warning (13410): Pin "1H3" is stuck at VCC
    Warning (13410): Pin "1H4" is stuck at VCC
    Warning (13410): Pin "1H5" is stuck at VCC
    Warning (13410): Pin "1H6" is stuck at VCC
Info (16010): Generating hard_block partition "hard_block:auto_generated_inst"
    Info (16011): Adding 0 node(s), including 0 DDIO, 0 PLL, 0 transceiver and 0 LCELL
Info (21057): Implemented 84 device resources after synthesis - the final resource count might be different
    Info (21058): Implemented 8 input pins
    Info (21059): Implemented 47 output pins
    Info (21061): Implemented 29 logic cells
Info: Quartus II 64-Bit Analysis & Synthesis was successful. 0 errors, 17 warnings
    Info: Peak virtual memory: 450 megabytes
    Info: Processing ended: Thu Feb 16 18:57:40 2017
    Info: Elapsed time: 00:00:02
    Info: Total CPU time (on all processors): 00:00:01


