Flow report for Lab2_redux
Thu Feb 16 18:57:53 2017
Quartus II 64-Bit Version 13.0.1 Build 232 06/12/2013 Service Pack 1 SJ Full Version


---------------------
; Table of Contents ;
---------------------
  1. Legal Notice
  2. Flow Summary
  3. Flow Settings
  4. Flow Non-Default Global Settings
  5. Flow Elapsed Time
  6. Flow OS Summary
  7. Flow Log
  8. Flow Messages
  9. Flow Suppressed Messages



----------------
; Legal Notice ;
----------------
Copyright (C) 1991-2013 Altera Corporation
Your use of Altera Corporation's design tools, logic functions 
and other software and tools, and its AMPP partner logic 
functions, and any output files from any of the foregoing 
(including device programming or simulation files), and any 
associated documentation or information are expressly subject 
to the terms and conditions of the Altera Program License 
Subscription Agreement, Altera MegaCore Function License 
Agreement, or other applicable license agreement, including, 
without limitation, that your use is for the sole purpose of 
programming logic devices manufactured by Altera and sold by 
Altera or its authorized distributors.  Please refer to the 
applicable agreement for further details.



+---------------------------------------------------------------------------------------+
; Flow Summary                                                                          ;
+------------------------------------+--------------------------------------------------+
; Flow Status                        ; Successful - Thu Feb 16 18:57:53 2017            ;
; Quartus II 64-Bit Version          ; 13.0.1 Build 232 06/12/2013 SP 1 SJ Full Version ;
; Revision Name                      ; Lab2_redux                                       ;
; Top-level Entity Name              ; Adder_Display                                    ;
; Family                             ; Cyclone II                                       ;
; Device                             ; EP2C35F672C6                                     ;
; Timing Models                      ; Final                                            ;
; Total logic elements               ; 29 / 33,216 ( < 1 % )                            ;
;     Total combinational functions  ; 29 / 33,216 ( < 1 % )                            ;
;     Dedicated logic registers      ; 0 / 33,216 ( 0 % )                               ;
; Total registers                    ; 0                                                ;
; Total pins                         ; 55 / 475 ( 12 % )                                ;
; Total virtual pins                 ; 0                                                ;
; Total memory bits                  ; 0 / 483,840 ( 0 % )                              ;
; Embedded Multiplier 9-bit elements ; 0 / 70 ( 0 % )                                   ;
; Total PLLs                         ; 0 / 4 ( 0 % )                                    ;
+------------------------------------+--------------------------------------------------+


+-----------------------------------------+
; Flow Settings                           ;
+-------------------+---------------------+
; Option            ; Setting             ;
+-------------------+---------------------+
; Start date & time ; 02/16/2017 18:57:39 ;
; Main task         ; Compilation         ;
; Revision Name     ; Lab2_redux          ;
+-------------------+---------------------+


+-----------------------------------------------------------------------------------------------------------------------+
; Flow Non-Default Global Settings                                                                                      ;
+-------------------------------------+--------------------------------+---------------+---------------+----------------+
; Assignment Name                     ; Value                          ; Default Value ; Entity Name   ; Section Id     ;
+-------------------------------------+--------------------------------+---------------+---------------+----------------+
; COMPILER_SIGNATURE_ID               ; 57277345503942.148728945900976 ; --            ; --            ; --             ;
; EDA_GENERATE_FUNCTIONAL_NETLIST     ; On                             ; --            ; --            ; eda_simulation ;
; EDA_OUTPUT_DATA_FORMAT              ; Verilog Hdl                    ; --            ; --            ; eda_simulation ;
; EDA_SIMULATION_TOOL                 ; ModelSim-Altera (Verilog)      ; <None>        ; --            ; --             ;
; PARTITION_COLOR                     ; 16764057                       ; --            ; Adder_Display ; Top            ;
; PARTITION_FITTER_PRESERVATION_LEVEL ; PLACEMENT_AND_ROUTING          ; --            ; Adder_Display ; Top            ;
; PARTITION_NETLIST_TYPE              ; SOURCE                         ; --            ; Adder_Display ; Top            ;
; PROJECT_OUTPUT_DIRECTORY            ; output_files                   ; --            ; --            ; --             ;
; TOP_LEVEL_ENTITY                    ; Adder_Display                  ; Lab2_redux    ; --            ; --             ;
+-------------------------------------+--------------------------------+---------------+---------------+----------------+


+-------------------------------------------------------------------------------------------------------------------------------+
; Flow Elapsed Time                                                                                                             ;
+---------------------------+--------------+-------------------------+---------------------+------------------------------------+
; Module Name               ; Elapsed Time ; Average Processors Used ; Peak Virtual Memory ; Total CPU Time (on all processors) ;
+---------------------------+--------------+-------------------------+---------------------+------------------------------------+
; Analysis & Synthesis      ; 00:00:01     ; 1.0                     ; 440 MB              ; 00:00:01                           ;
; Fitter                    ; 00:00:05     ; 1.0                     ; 1083 MB             ; 00:00:05                           ;
; Assembler                 ; 00:00:02     ; 1.0                     ; 435 MB              ; 00:00:02                           ;
; TimeQuest Timing Analyzer ; 00:00:01     ; 1.0                     ; 429 MB              ; 00:00:01                           ;
; EDA Netlist Writer        ; 00:00:01     ; 1.0                     ; 382 MB              ; 00:00:00                           ;
; Total                     ; 00:00:10     ; --                      ; --                  ; 00:00:09                           ;
+---------------------------+--------------+-------------------------+---------------------+------------------------------------+


+----------------------------------------------------------------------------------------+
; Flow OS Summary                                                                        ;
+---------------------------+------------------+-----------+------------+----------------+
; Module Name               ; Machine Hostname ; OS Name   ; OS Version ; Processor type ;
+---------------------------+------------------+-----------+------------+----------------+
; Analysis & Synthesis      ; UM-JK1XN22       ; Windows 7 ; 6.1        ; x86_64         ;
; Fitter                    ; UM-JK1XN22       ; Windows 7 ; 6.1        ; x86_64         ;
; Assembler                 ; UM-JK1XN22       ; Windows 7 ; 6.1        ; x86_64         ;
; TimeQuest Timing Analyzer ; UM-JK1XN22       ; Windows 7 ; 6.1        ; x86_64         ;
; EDA Netlist Writer        ; UM-JK1XN22       ; Windows 7 ; 6.1        ; x86_64         ;
+---------------------------+------------------+-----------+------------+----------------+


------------
; Flow Log ;
------------
quartus_map --read_settings_files=on --write_settings_files=off Lab2_redux -c Lab2_redux
quartus_fit --read_settings_files=off --write_settings_files=off Lab2_redux -c Lab2_redux
quartus_asm --read_settings_files=off --write_settings_files=off Lab2_redux -c Lab2_redux
quartus_sta Lab2_redux -c Lab2_redux
quartus_eda --read_settings_files=off --write_settings_files=off Lab2_redux -c Lab2_redux



